<?xml version="1.0" encoding="UTF-8"?>
<testsuite xmlns:xsi="http://www.w3.org/2001/XMLSchema-instance" xsi:noNamespaceSchemaLocation="https://maven.apache.org/surefire/maven-surefire-plugin/xsd/surefire-test-report-3.0.xsd" version="3.0" name="com.filipszala.lecturemanager.controller.ProfessorControllerIntegrationTests" time="5.206" tests="6" errors="0" skipped="0" failures="0">
  <properties>
[...]
</properties>
  <testcase name="shouldGetListOfProfessor" classname="com.filipszala.lecturemanager.controller.ProfessorControllerIntegrationTests" time="0.081">
    <system-out><![CDATA[2023-09-15T14:10:02.880+02:00  INFO 17396 --- [           main] t.c.s.AnnotationConfigContextLoaderUtils : Could not detect default configuration classes for test class [com.filipszala.lecturemanager.controller.ProfessorControllerIntegrationTests]: ProfessorControllerIntegrationTests does not declare any static, non-private, non-final, nested classes annotated with @Configuration.
2023-09-15T14:10:02.886+02:00  INFO 17396 --- [           main] .b.t.c.SpringBootTestContextBootstrapper : Found @SpringBootConfiguration com.filipszala.lecturemanager.LectureManagerApplication for test class com.filipszala.lecturemanager.controller.ProfessorControllerIntegrationTests

  .   ____          _            __ _ _
 /\\ / ___'_ __ _ _(_)_ __  __ _ \ \ \ \
( ( )\___ | '_ | '_| | '_ \/ _` | \ \ \ \
 \\/  ___)| |_)| | | | | || (_| |  ) ) ) )
  '  |____| .__|_| |_|_| |_\__, | / / / /
 =========|_|==============|___/=/_/_/_/
 :: Spring Boot ::                (v3.1.2)

2023-09-15T14:10:02.931+02:00  INFO 17396 --- [           main] .l.c.ProfessorControllerIntegrationTests : Starting ProfessorControllerIntegrationTests using Java 20.0.1 with PID 17396 (started by filip in D:\Programowanie\LectureManager)
2023-09-15T14:10:02.932+02:00  INFO 17396 --- [           main] .l.c.ProfessorControllerIntegrationTests : No active profile set, falling back to 1 default profile: "default"
2023-09-15T14:10:03.231+02:00  INFO 17396 --- [           main] .s.d.r.c.RepositoryConfigurationDelegate : Bootstrapping Spring Data JPA repositories in DEFAULT mode.
2023-09-15T14:10:03.248+02:00  INFO 17396 --- [           main] .s.d.r.c.RepositoryConfigurationDelegate : Finished Spring Data repository scanning in 17 ms. Found 3 JPA repository interfaces.
2023-09-15T14:10:03.369+02:00  INFO 17396 --- [           main] com.zaxxer.hikari.HikariDataSource       : HikariPool-7 - Starting...
2023-09-15T14:10:03.374+02:00  INFO 17396 --- [           main] com.zaxxer.hikari.pool.HikariPool        : HikariPool-7 - Added connection conn60: url=jdbc:h2:mem:testdb user=FILIP
2023-09-15T14:10:03.375+02:00  INFO 17396 --- [           main] com.zaxxer.hikari.HikariDataSource       : HikariPool-7 - Start completed.
2023-09-15T14:10:03.377+02:00  INFO 17396 --- [           main] o.hibernate.jpa.internal.util.LogHelper  : HHH000204: Processing PersistenceUnitInfo [name: default]
2023-09-15T14:10:03.388+02:00  INFO 17396 --- [           main] o.h.b.i.BytecodeProviderInitiator        : HHH000021: Bytecode provider name : bytebuddy
2023-09-15T14:10:03.388+02:00  INFO 17396 --- [           main] o.s.o.j.p.SpringPersistenceUnitInfo      : No LoadTimeWeaver setup: ignoring JPA class transformer
2023-09-15T14:10:03.415+02:00  INFO 17396 --- [           main] o.h.b.i.BytecodeProviderInitiator        : HHH000021: Bytecode provider name : bytebuddy
2023-09-15T14:10:03.490+02:00  INFO 17396 --- [           main] o.h.e.t.j.p.i.JtaPlatformInitiator       : HHH000490: Using JtaPlatform implementation: [org.hibernate.engine.transaction.jta.platform.internal.NoJtaPlatform]
2023-09-15T14:10:03.502+02:00  INFO 17396 --- [           main] j.LocalContainerEntityManagerFactoryBean : Initialized JPA EntityManagerFactory for persistence unit 'default'
2023-09-15T14:10:03.650+02:00  WARN 17396 --- [           main] JpaBaseConfiguration$JpaWebConfiguration : spring.jpa.open-in-view is enabled by default. Therefore, database queries may be performed during view rendering. Explicitly configure spring.jpa.open-in-view to disable this warning
2023-09-15T14:10:03.762+02:00  INFO 17396 --- [           main] o.s.b.a.h2.H2ConsoleAutoConfiguration    : H2 console available at '/h2-console'. Database available at 'jdbc:h2:mem:testdb'
2023-09-15T14:10:03.798+02:00  INFO 17396 --- [           main] o.s.b.t.m.w.SpringBootMockServletContext : Initializing Spring TestDispatcherServlet ''
2023-09-15T14:10:03.799+02:00  INFO 17396 --- [           main] o.s.t.web.servlet.TestDispatcherServlet  : Initializing Servlet ''
2023-09-15T14:10:03.799+02:00  INFO 17396 --- [           main] o.s.t.web.servlet.TestDispatcherServlet  : Completed initialization in 0 ms
2023-09-15T14:10:03.810+02:00  INFO 17396 --- [           main] .l.c.ProfessorControllerIntegrationTests : Started ProfessorControllerIntegrationTests in 0.918 seconds (process running for 18.152)

MockHttpServletRequest:
      HTTP Method = GET
      Request URI = /professors
       Parameters = {}
          Headers = []
             Body = null
    Session Attrs = {}

Handler:
             Type = com.filipszala.lecturemanager.controller.ProfessorController
           Method = com.filipszala.lecturemanager.controller.ProfessorController#displayAllProfessors()

Async:
    Async started = false
     Async result = null

Resolved Exception:
             Type = null

ModelAndView:
        View name = null
             View = null
            Model = null

FlashMap:
       Attributes = null

MockHttpServletResponse:
           Status = 200
    Error message = null
          Headers = [Content-Type:"application/json"]
     Content type = application/json
             Body = [{"id":1,"name":"Test","surname":"Test"},{"id":2,"name":"Test","surname":"Test"}]
    Forwarded URL = null
   Redirected URL = null
          Cookies = []
2023-09-15T14:10:03.892+02:00  INFO 17396 --- [           main] j.LocalContainerEntityManagerFactoryBean : Closing JPA EntityManagerFactory for persistence unit 'default'
2023-09-15T14:10:03.895+02:00  INFO 17396 --- [           main] com.zaxxer.hikari.HikariDataSource       : HikariPool-7 - Shutdown initiated...
2023-09-15T14:10:03.896+02:00  INFO 17396 --- [           main] com.zaxxer.hikari.HikariDataSource       : HikariPool-7 - Shutdown completed.
]]></system-out>
  </testcase>
  <testcase name="shouldDeleteProfessor" classname="com.filipszala.lecturemanager.controller.ProfessorControllerIntegrationTests" time="0.047">
    <system-out><![CDATA[
  .   ____          _            __ _ _
 /\\ / ___'_ __ _ _(_)_ __  __ _ \ \ \ \
( ( )\___ | '_ | '_| | '_ \/ _` | \ \ \ \
 \\/  ___)| |_)| | | | | || (_| |  ) ) ) )
  '  |____| .__|_| |_|_| |_\__, | / / / /
 =========|_|==============|___/=/_/_/_/
 :: Spring Boot ::                (v3.1.2)

2023-09-15T14:10:03.934+02:00  INFO 17396 --- [           main] .l.c.ProfessorControllerIntegrationTests : Starting ProfessorControllerIntegrationTests using Java 20.0.1 with PID 17396 (started by filip in D:\Programowanie\LectureManager)
2023-09-15T14:10:03.935+02:00  INFO 17396 --- [           main] .l.c.ProfessorControllerIntegrationTests : No active profile set, falling back to 1 default profile: "default"
2023-09-15T14:10:04.183+02:00  INFO 17396 --- [           main] .s.d.r.c.RepositoryConfigurationDelegate : Bootstrapping Spring Data JPA repositories in DEFAULT mode.
2023-09-15T14:10:04.204+02:00  INFO 17396 --- [           main] .s.d.r.c.RepositoryConfigurationDelegate : Finished Spring Data repository scanning in 20 ms. Found 3 JPA repository interfaces.
2023-09-15T14:10:04.325+02:00  INFO 17396 --- [           main] com.zaxxer.hikari.HikariDataSource       : HikariPool-8 - Starting...
2023-09-15T14:10:04.329+02:00  INFO 17396 --- [           main] com.zaxxer.hikari.pool.HikariPool        : HikariPool-8 - Added connection conn70: url=jdbc:h2:mem:testdb user=FILIP
2023-09-15T14:10:04.329+02:00  INFO 17396 --- [           main] com.zaxxer.hikari.HikariDataSource       : HikariPool-8 - Start completed.
2023-09-15T14:10:04.331+02:00  INFO 17396 --- [           main] o.hibernate.jpa.internal.util.LogHelper  : HHH000204: Processing PersistenceUnitInfo [name: default]
2023-09-15T14:10:04.340+02:00  INFO 17396 --- [           main] o.h.b.i.BytecodeProviderInitiator        : HHH000021: Bytecode provider name : bytebuddy
2023-09-15T14:10:04.340+02:00  INFO 17396 --- [           main] o.s.o.j.p.SpringPersistenceUnitInfo      : No LoadTimeWeaver setup: ignoring JPA class transformer
2023-09-15T14:10:04.363+02:00  INFO 17396 --- [           main] o.h.b.i.BytecodeProviderInitiator        : HHH000021: Bytecode provider name : bytebuddy
2023-09-15T14:10:04.428+02:00  INFO 17396 --- [           main] o.h.e.t.j.p.i.JtaPlatformInitiator       : HHH000490: Using JtaPlatform implementation: [org.hibernate.engine.transaction.jta.platform.internal.NoJtaPlatform]
2023-09-15T14:10:04.440+02:00  INFO 17396 --- [           main] j.LocalContainerEntityManagerFactoryBean : Initialized JPA EntityManagerFactory for persistence unit 'default'
2023-09-15T14:10:04.561+02:00  WARN 17396 --- [           main] JpaBaseConfiguration$JpaWebConfiguration : spring.jpa.open-in-view is enabled by default. Therefore, database queries may be performed during view rendering. Explicitly configure spring.jpa.open-in-view to disable this warning
2023-09-15T14:10:04.665+02:00  INFO 17396 --- [           main] o.s.b.a.h2.H2ConsoleAutoConfiguration    : H2 console available at '/h2-console'. Database available at 'jdbc:h2:mem:testdb'
2023-09-15T14:10:04.682+02:00  INFO 17396 --- [           main] o.s.b.t.m.w.SpringBootMockServletContext : Initializing Spring TestDispatcherServlet ''
2023-09-15T14:10:04.683+02:00  INFO 17396 --- [           main] o.s.t.web.servlet.TestDispatcherServlet  : Initializing Servlet ''
2023-09-15T14:10:04.684+02:00  INFO 17396 --- [           main] o.s.t.web.servlet.TestDispatcherServlet  : Completed initialization in 1 ms
2023-09-15T14:10:04.694+02:00  INFO 17396 --- [           main] .l.c.ProfessorControllerIntegrationTests : Started ProfessorControllerIntegrationTests in 0.794 seconds (process running for 19.036)
2023-09-15T14:10:04.740+02:00  INFO 17396 --- [           main] j.LocalContainerEntityManagerFactoryBean : Closing JPA EntityManagerFactory for persistence unit 'default'
2023-09-15T14:10:04.743+02:00  INFO 17396 --- [           main] com.zaxxer.hikari.HikariDataSource       : HikariPool-8 - Shutdown initiated...
2023-09-15T14:10:04.745+02:00  INFO 17396 --- [           main] com.zaxxer.hikari.HikariDataSource       : HikariPool-8 - Shutdown completed.
]]></system-out>
  </testcase>
  <testcase name="shouldUpdateProfessor" classname="com.filipszala.lecturemanager.controller.ProfessorControllerIntegrationTests" time="0.054">
    <system-out><![CDATA[
  .   ____          _            __ _ _
 /\\ / ___'_ __ _ _(_)_ __  __ _ \ \ \ \
( ( )\___ | '_ | '_| | '_ \/ _` | \ \ \ \
 \\/  ___)| |_)| | | | | || (_| |  ) ) ) )
  '  |____| .__|_| |_|_| |_\__, | / / / /
 =========|_|==============|___/=/_/_/_/
 :: Spring Boot ::                (v3.1.2)

2023-09-15T14:10:04.780+02:00  INFO 17396 --- [           main] .l.c.ProfessorControllerIntegrationTests : Starting ProfessorControllerIntegrationTests using Java 20.0.1 with PID 17396 (started by filip in D:\Programowanie\LectureManager)
2023-09-15T14:10:04.780+02:00  INFO 17396 --- [           main] .l.c.ProfessorControllerIntegrationTests : No active profile set, falling back to 1 default profile: "default"
2023-09-15T14:10:05.025+02:00  INFO 17396 --- [           main] .s.d.r.c.RepositoryConfigurationDelegate : Bootstrapping Spring Data JPA repositories in DEFAULT mode.
2023-09-15T14:10:05.044+02:00  INFO 17396 --- [           main] .s.d.r.c.RepositoryConfigurationDelegate : Finished Spring Data repository scanning in 18 ms. Found 3 JPA repository interfaces.
2023-09-15T14:10:05.150+02:00  INFO 17396 --- [           main] com.zaxxer.hikari.HikariDataSource       : HikariPool-9 - Starting...
2023-09-15T14:10:05.152+02:00  INFO 17396 --- [           main] com.zaxxer.hikari.pool.HikariPool        : HikariPool-9 - Added connection conn80: url=jdbc:h2:mem:testdb user=FILIP
2023-09-15T14:10:05.153+02:00  INFO 17396 --- [           main] com.zaxxer.hikari.HikariDataSource       : HikariPool-9 - Start completed.
2023-09-15T14:10:05.155+02:00  INFO 17396 --- [           main] o.hibernate.jpa.internal.util.LogHelper  : HHH000204: Processing PersistenceUnitInfo [name: default]
2023-09-15T14:10:05.161+02:00  INFO 17396 --- [           main] o.h.b.i.BytecodeProviderInitiator        : HHH000021: Bytecode provider name : bytebuddy
2023-09-15T14:10:05.161+02:00  INFO 17396 --- [           main] o.s.o.j.p.SpringPersistenceUnitInfo      : No LoadTimeWeaver setup: ignoring JPA class transformer
2023-09-15T14:10:05.189+02:00  INFO 17396 --- [           main] o.h.b.i.BytecodeProviderInitiator        : HHH000021: Bytecode provider name : bytebuddy
2023-09-15T14:10:05.244+02:00  INFO 17396 --- [           main] o.h.e.t.j.p.i.JtaPlatformInitiator       : HHH000490: Using JtaPlatform implementation: [org.hibernate.engine.transaction.jta.platform.internal.NoJtaPlatform]
2023-09-15T14:10:05.256+02:00  INFO 17396 --- [           main] j.LocalContainerEntityManagerFactoryBean : Initialized JPA EntityManagerFactory for persistence unit 'default'
2023-09-15T14:10:05.364+02:00  WARN 17396 --- [           main] JpaBaseConfiguration$JpaWebConfiguration : spring.jpa.open-in-view is enabled by default. Therefore, database queries may be performed during view rendering. Explicitly configure spring.jpa.open-in-view to disable this warning
2023-09-15T14:10:05.463+02:00  INFO 17396 --- [           main] o.s.b.a.h2.H2ConsoleAutoConfiguration    : H2 console available at '/h2-console'. Database available at 'jdbc:h2:mem:testdb'
2023-09-15T14:10:05.479+02:00  INFO 17396 --- [           main] o.s.b.t.m.w.SpringBootMockServletContext : Initializing Spring TestDispatcherServlet ''
2023-09-15T14:10:05.479+02:00  INFO 17396 --- [           main] o.s.t.web.servlet.TestDispatcherServlet  : Initializing Servlet ''
2023-09-15T14:10:05.480+02:00  INFO 17396 --- [           main] o.s.t.web.servlet.TestDispatcherServlet  : Completed initialization in 1 ms
2023-09-15T14:10:05.492+02:00  INFO 17396 --- [           main] .l.c.ProfessorControllerIntegrationTests : Started ProfessorControllerIntegrationTests in 0.744 seconds (process running for 19.834)

MockHttpServletRequest:
      HTTP Method = PUT
      Request URI = /professors/1
       Parameters = {}
          Headers = [Content-Type:"application/json;charset=UTF-8", Content-Length:"64"]
             Body = {"id":1,"name":"new name","surname":"new surname","lectures":[]}
    Session Attrs = {}

Handler:
             Type = com.filipszala.lecturemanager.controller.ProfessorController
           Method = com.filipszala.lecturemanager.controller.ProfessorController#updateProfessor(Long, Professor)

Async:
    Async started = false
     Async result = null

Resolved Exception:
             Type = null

ModelAndView:
        View name = null
             View = null
            Model = null

FlashMap:
       Attributes = null

MockHttpServletResponse:
           Status = 200
    Error message = null
          Headers = [Content-Type:"application/json"]
     Content type = application/json
             Body = {"id":1,"name":"new name","surname":"new surname","lectures":[]}
    Forwarded URL = null
   Redirected URL = null
          Cookies = []
2023-09-15T14:10:05.546+02:00  INFO 17396 --- [           main] j.LocalContainerEntityManagerFactoryBean : Closing JPA EntityManagerFactory for persistence unit 'default'
2023-09-15T14:10:05.549+02:00  INFO 17396 --- [           main] com.zaxxer.hikari.HikariDataSource       : HikariPool-9 - Shutdown initiated...
2023-09-15T14:10:05.549+02:00  INFO 17396 --- [           main] com.zaxxer.hikari.HikariDataSource       : HikariPool-9 - Shutdown completed.
]]></system-out>
  </testcase>
  <testcase name="shouldGetSingleProfessor" classname="com.filipszala.lecturemanager.controller.ProfessorControllerIntegrationTests" time="0.046">
    <system-out><![CDATA[
  .   ____          _            __ _ _
 /\\ / ___'_ __ _ _(_)_ __  __ _ \ \ \ \
( ( )\___ | '_ | '_| | '_ \/ _` | \ \ \ \
 \\/  ___)| |_)| | | | | || (_| |  ) ) ) )
  '  |____| .__|_| |_|_| |_\__, | / / / /
 =========|_|==============|___/=/_/_/_/
 :: Spring Boot ::                (v3.1.2)

2023-09-15T14:10:05.576+02:00  INFO 17396 --- [           main] .l.c.ProfessorControllerIntegrationTests : Starting ProfessorControllerIntegrationTests using Java 20.0.1 with PID 17396 (started by filip in D:\Programowanie\LectureManager)
2023-09-15T14:10:05.576+02:00  INFO 17396 --- [           main] .l.c.ProfessorControllerIntegrationTests : No active profile set, falling back to 1 default profile: "default"
2023-09-15T14:10:05.869+02:00  INFO 17396 --- [           main] .s.d.r.c.RepositoryConfigurationDelegate : Bootstrapping Spring Data JPA repositories in DEFAULT mode.
2023-09-15T14:10:05.889+02:00  INFO 17396 --- [           main] .s.d.r.c.RepositoryConfigurationDelegate : Finished Spring Data repository scanning in 20 ms. Found 3 JPA repository interfaces.
2023-09-15T14:10:06.079+02:00  INFO 17396 --- [           main] com.zaxxer.hikari.HikariDataSource       : HikariPool-10 - Starting...
2023-09-15T14:10:06.082+02:00  INFO 17396 --- [           main] com.zaxxer.hikari.pool.HikariPool        : HikariPool-10 - Added connection conn90: url=jdbc:h2:mem:testdb user=FILIP
2023-09-15T14:10:06.082+02:00  INFO 17396 --- [           main] com.zaxxer.hikari.HikariDataSource       : HikariPool-10 - Start completed.
2023-09-15T14:10:06.084+02:00  INFO 17396 --- [           main] o.hibernate.jpa.internal.util.LogHelper  : HHH000204: Processing PersistenceUnitInfo [name: default]
2023-09-15T14:10:06.092+02:00  INFO 17396 --- [           main] o.h.b.i.BytecodeProviderInitiator        : HHH000021: Bytecode provider name : bytebuddy
2023-09-15T14:10:06.092+02:00  INFO 17396 --- [           main] o.s.o.j.p.SpringPersistenceUnitInfo      : No LoadTimeWeaver setup: ignoring JPA class transformer
2023-09-15T14:10:06.116+02:00  INFO 17396 --- [           main] o.h.b.i.BytecodeProviderInitiator        : HHH000021: Bytecode provider name : bytebuddy
2023-09-15T14:10:06.184+02:00  INFO 17396 --- [           main] o.h.e.t.j.p.i.JtaPlatformInitiator       : HHH000490: Using JtaPlatform implementation: [org.hibernate.engine.transaction.jta.platform.internal.NoJtaPlatform]
2023-09-15T14:10:06.195+02:00  INFO 17396 --- [           main] j.LocalContainerEntityManagerFactoryBean : Initialized JPA EntityManagerFactory for persistence unit 'default'
2023-09-15T14:10:06.292+02:00  WARN 17396 --- [           main] JpaBaseConfiguration$JpaWebConfiguration : spring.jpa.open-in-view is enabled by default. Therefore, database queries may be performed during view rendering. Explicitly configure spring.jpa.open-in-view to disable this warning
2023-09-15T14:10:06.399+02:00  INFO 17396 --- [           main] o.s.b.a.h2.H2ConsoleAutoConfiguration    : H2 console available at '/h2-console'. Database available at 'jdbc:h2:mem:testdb'
2023-09-15T14:10:06.426+02:00  INFO 17396 --- [           main] o.s.b.t.m.w.SpringBootMockServletContext : Initializing Spring TestDispatcherServlet ''
2023-09-15T14:10:06.426+02:00  INFO 17396 --- [           main] o.s.t.web.servlet.TestDispatcherServlet  : Initializing Servlet ''
2023-09-15T14:10:06.427+02:00  INFO 17396 --- [           main] o.s.t.web.servlet.TestDispatcherServlet  : Completed initialization in 1 ms
2023-09-15T14:10:06.445+02:00  INFO 17396 --- [           main] .l.c.ProfessorControllerIntegrationTests : Started ProfessorControllerIntegrationTests in 0.892 seconds (process running for 20.787)

MockHttpServletRequest:
      HTTP Method = GET
      Request URI = /professors/1
       Parameters = {}
          Headers = []
             Body = null
    Session Attrs = {}

Handler:
             Type = com.filipszala.lecturemanager.controller.ProfessorController
           Method = com.filipszala.lecturemanager.controller.ProfessorController#displayProfessorById(Long)

Async:
    Async started = false
     Async result = null

Resolved Exception:
             Type = null

ModelAndView:
        View name = null
             View = null
            Model = null

FlashMap:
       Attributes = null

MockHttpServletResponse:
           Status = 200
    Error message = null
          Headers = [Content-Type:"application/json"]
     Content type = application/json
             Body = {"id":1,"name":"Test","surname":"Test","lectures":[{"id":1,"name":"Math","place":"lecture hall"},{"id":2,"name":"Math2","place":"lecture hall2"}]}
    Forwarded URL = null
   Redirected URL = null
          Cookies = []
2023-09-15T14:10:06.490+02:00  INFO 17396 --- [           main] j.LocalContainerEntityManagerFactoryBean : Closing JPA EntityManagerFactory for persistence unit 'default'
2023-09-15T14:10:06.493+02:00  INFO 17396 --- [           main] com.zaxxer.hikari.HikariDataSource       : HikariPool-10 - Shutdown initiated...
2023-09-15T14:10:06.495+02:00  INFO 17396 --- [           main] com.zaxxer.hikari.HikariDataSource       : HikariPool-10 - Shutdown completed.
]]></system-out>
  </testcase>
  <testcase name="shouldPartiallyUpdateProfessor" classname="com.filipszala.lecturemanager.controller.ProfessorControllerIntegrationTests" time="0.041">
    <system-out><![CDATA[
  .   ____          _            __ _ _
 /\\ / ___'_ __ _ _(_)_ __  __ _ \ \ \ \
( ( )\___ | '_ | '_| | '_ \/ _` | \ \ \ \
 \\/  ___)| |_)| | | | | || (_| |  ) ) ) )
  '  |____| .__|_| |_|_| |_\__, | / / / /
 =========|_|==============|___/=/_/_/_/
 :: Spring Boot ::                (v3.1.2)

2023-09-15T14:10:06.528+02:00  INFO 17396 --- [           main] .l.c.ProfessorControllerIntegrationTests : Starting ProfessorControllerIntegrationTests using Java 20.0.1 with PID 17396 (started by filip in D:\Programowanie\LectureManager)
2023-09-15T14:10:06.528+02:00  INFO 17396 --- [           main] .l.c.ProfessorControllerIntegrationTests : No active profile set, falling back to 1 default profile: "default"
2023-09-15T14:10:06.749+02:00  INFO 17396 --- [           main] .s.d.r.c.RepositoryConfigurationDelegate : Bootstrapping Spring Data JPA repositories in DEFAULT mode.
2023-09-15T14:10:06.763+02:00  INFO 17396 --- [           main] .s.d.r.c.RepositoryConfigurationDelegate : Finished Spring Data repository scanning in 13 ms. Found 3 JPA repository interfaces.
2023-09-15T14:10:06.863+02:00  INFO 17396 --- [           main] com.zaxxer.hikari.HikariDataSource       : HikariPool-11 - Starting...
2023-09-15T14:10:06.866+02:00  INFO 17396 --- [           main] com.zaxxer.hikari.pool.HikariPool        : HikariPool-11 - Added connection conn100: url=jdbc:h2:mem:testdb user=FILIP
2023-09-15T14:10:06.866+02:00  INFO 17396 --- [           main] com.zaxxer.hikari.HikariDataSource       : HikariPool-11 - Start completed.
2023-09-15T14:10:06.868+02:00  INFO 17396 --- [           main] o.hibernate.jpa.internal.util.LogHelper  : HHH000204: Processing PersistenceUnitInfo [name: default]
2023-09-15T14:10:06.875+02:00  INFO 17396 --- [           main] o.h.b.i.BytecodeProviderInitiator        : HHH000021: Bytecode provider name : bytebuddy
2023-09-15T14:10:06.875+02:00  INFO 17396 --- [           main] o.s.o.j.p.SpringPersistenceUnitInfo      : No LoadTimeWeaver setup: ignoring JPA class transformer
2023-09-15T14:10:06.897+02:00  INFO 17396 --- [           main] o.h.b.i.BytecodeProviderInitiator        : HHH000021: Bytecode provider name : bytebuddy
2023-09-15T14:10:06.972+02:00  INFO 17396 --- [           main] o.h.e.t.j.p.i.JtaPlatformInitiator       : HHH000490: Using JtaPlatform implementation: [org.hibernate.engine.transaction.jta.platform.internal.NoJtaPlatform]
2023-09-15T14:10:06.986+02:00  INFO 17396 --- [           main] j.LocalContainerEntityManagerFactoryBean : Initialized JPA EntityManagerFactory for persistence unit 'default'
2023-09-15T14:10:07.091+02:00  WARN 17396 --- [           main] JpaBaseConfiguration$JpaWebConfiguration : spring.jpa.open-in-view is enabled by default. Therefore, database queries may be performed during view rendering. Explicitly configure spring.jpa.open-in-view to disable this warning
2023-09-15T14:10:07.202+02:00  INFO 17396 --- [           main] o.s.b.a.h2.H2ConsoleAutoConfiguration    : H2 console available at '/h2-console'. Database available at 'jdbc:h2:mem:testdb'
2023-09-15T14:10:07.223+02:00  INFO 17396 --- [           main] o.s.b.t.m.w.SpringBootMockServletContext : Initializing Spring TestDispatcherServlet ''
2023-09-15T14:10:07.224+02:00  INFO 17396 --- [           main] o.s.t.web.servlet.TestDispatcherServlet  : Initializing Servlet ''
2023-09-15T14:10:07.225+02:00  INFO 17396 --- [           main] o.s.t.web.servlet.TestDispatcherServlet  : Completed initialization in 0 ms
2023-09-15T14:10:07.232+02:00  INFO 17396 --- [           main] .l.c.ProfessorControllerIntegrationTests : Started ProfessorControllerIntegrationTests in 0.733 seconds (process running for 21.574)

MockHttpServletRequest:
      HTTP Method = PATCH
      Request URI = /professors/1
       Parameters = {}
          Headers = [Content-Type:"application/json;charset=UTF-8", Content-Length:"58"]
             Body = {"id":2,"name":null,"surname":"new surname","lectures":[]}
    Session Attrs = {}

Handler:
             Type = com.filipszala.lecturemanager.controller.ProfessorController
           Method = com.filipszala.lecturemanager.controller.ProfessorController#partiallyUpdateProfessor(Long, Professor)

Async:
    Async started = false
     Async result = null

Resolved Exception:
             Type = null

ModelAndView:
        View name = null
             View = null
            Model = null

FlashMap:
       Attributes = null

MockHttpServletResponse:
           Status = 200
    Error message = null
          Headers = [Content-Type:"application/json"]
     Content type = application/json
             Body = {"id":1,"name":"Test","surname":"new surname","lectures":[]}
    Forwarded URL = null
   Redirected URL = null
          Cookies = []
2023-09-15T14:10:07.273+02:00  INFO 17396 --- [           main] j.LocalContainerEntityManagerFactoryBean : Closing JPA EntityManagerFactory for persistence unit 'default'
2023-09-15T14:10:07.278+02:00  INFO 17396 --- [           main] com.zaxxer.hikari.HikariDataSource       : HikariPool-11 - Shutdown initiated...
2023-09-15T14:10:07.279+02:00  INFO 17396 --- [           main] com.zaxxer.hikari.HikariDataSource       : HikariPool-11 - Shutdown completed.
]]></system-out>
  </testcase>
  <testcase name="shouldCreateProfessor" classname="com.filipszala.lecturemanager.controller.ProfessorControllerIntegrationTests" time="0.041">
    <system-out><![CDATA[
  .   ____          _            __ _ _
 /\\ / ___'_ __ _ _(_)_ __  __ _ \ \ \ \
( ( )\___ | '_ | '_| | '_ \/ _` | \ \ \ \
 \\/  ___)| |_)| | | | | || (_| |  ) ) ) )
  '  |____| .__|_| |_|_| |_\__, | / / / /
 =========|_|==============|___/=/_/_/_/
 :: Spring Boot ::                (v3.1.2)

2023-09-15T14:10:07.306+02:00  INFO 17396 --- [           main] .l.c.ProfessorControllerIntegrationTests : Starting ProfessorControllerIntegrationTests using Java 20.0.1 with PID 17396 (started by filip in D:\Programowanie\LectureManager)
2023-09-15T14:10:07.306+02:00  INFO 17396 --- [           main] .l.c.ProfessorControllerIntegrationTests : No active profile set, falling back to 1 default profile: "default"
2023-09-15T14:10:07.528+02:00  INFO 17396 --- [           main] .s.d.r.c.RepositoryConfigurationDelegate : Bootstrapping Spring Data JPA repositories in DEFAULT mode.
2023-09-15T14:10:07.544+02:00  INFO 17396 --- [           main] .s.d.r.c.RepositoryConfigurationDelegate : Finished Spring Data repository scanning in 15 ms. Found 3 JPA repository interfaces.
2023-09-15T14:10:07.661+02:00  INFO 17396 --- [           main] com.zaxxer.hikari.HikariDataSource       : HikariPool-12 - Starting...
2023-09-15T14:10:07.664+02:00  INFO 17396 --- [           main] com.zaxxer.hikari.pool.HikariPool        : HikariPool-12 - Added connection conn110: url=jdbc:h2:mem:testdb user=FILIP
2023-09-15T14:10:07.664+02:00  INFO 17396 --- [           main] com.zaxxer.hikari.HikariDataSource       : HikariPool-12 - Start completed.
2023-09-15T14:10:07.666+02:00  INFO 17396 --- [           main] o.hibernate.jpa.internal.util.LogHelper  : HHH000204: Processing PersistenceUnitInfo [name: default]
2023-09-15T14:10:07.676+02:00  INFO 17396 --- [           main] o.h.b.i.BytecodeProviderInitiator        : HHH000021: Bytecode provider name : bytebuddy
2023-09-15T14:10:07.676+02:00  INFO 17396 --- [           main] o.s.o.j.p.SpringPersistenceUnitInfo      : No LoadTimeWeaver setup: ignoring JPA class transformer
2023-09-15T14:10:07.709+02:00  INFO 17396 --- [           main] o.h.b.i.BytecodeProviderInitiator        : HHH000021: Bytecode provider name : bytebuddy
2023-09-15T14:10:07.765+02:00  INFO 17396 --- [           main] o.h.e.t.j.p.i.JtaPlatformInitiator       : HHH000490: Using JtaPlatform implementation: [org.hibernate.engine.transaction.jta.platform.internal.NoJtaPlatform]
2023-09-15T14:10:07.776+02:00  INFO 17396 --- [           main] j.LocalContainerEntityManagerFactoryBean : Initialized JPA EntityManagerFactory for persistence unit 'default'
2023-09-15T14:10:07.887+02:00  WARN 17396 --- [           main] JpaBaseConfiguration$JpaWebConfiguration : spring.jpa.open-in-view is enabled by default. Therefore, database queries may be performed during view rendering. Explicitly configure spring.jpa.open-in-view to disable this warning
2023-09-15T14:10:08.005+02:00  INFO 17396 --- [           main] o.s.b.a.h2.H2ConsoleAutoConfiguration    : H2 console available at '/h2-console'. Database available at 'jdbc:h2:mem:testdb'
2023-09-15T14:10:08.025+02:00  INFO 17396 --- [           main] o.s.b.t.m.w.SpringBootMockServletContext : Initializing Spring TestDispatcherServlet ''
2023-09-15T14:10:08.025+02:00  INFO 17396 --- [           main] o.s.t.web.servlet.TestDispatcherServlet  : Initializing Servlet ''
2023-09-15T14:10:08.026+02:00  INFO 17396 --- [           main] o.s.t.web.servlet.TestDispatcherServlet  : Completed initialization in 1 ms
2023-09-15T14:10:08.036+02:00  INFO 17396 --- [           main] .l.c.ProfessorControllerIntegrationTests : Started ProfessorControllerIntegrationTests in 0.753 seconds (process running for 22.377)

MockHttpServletRequest:
      HTTP Method = POST
      Request URI = /professors
       Parameters = {}
          Headers = [Content-Type:"application/json;charset=UTF-8", Content-Length:"53"]
             Body = {"id":1,"name":"Test","surname":"Test","lectures":[]}
    Session Attrs = {}

Handler:
             Type = com.filipszala.lecturemanager.controller.ProfessorController
           Method = com.filipszala.lecturemanager.controller.ProfessorController#createProfessor(Professor)

Async:
    Async started = false
     Async result = null

Resolved Exception:
             Type = null

ModelAndView:
        View name = null
             View = null
            Model = null

FlashMap:
       Attributes = null

MockHttpServletResponse:
           Status = 201
    Error message = null
          Headers = [Content-Type:"application/json"]
     Content type = application/json
             Body = {"id":1,"name":"Test","surname":"Test","lectures":[]}
    Forwarded URL = null
   Redirected URL = null
          Cookies = []
2023-09-15T14:10:08.078+02:00  INFO 17396 --- [           main] j.LocalContainerEntityManagerFactoryBean : Closing JPA EntityManagerFactory for persistence unit 'default'
2023-09-15T14:10:08.080+02:00  INFO 17396 --- [           main] com.zaxxer.hikari.HikariDataSource       : HikariPool-12 - Shutdown initiated...
2023-09-15T14:10:08.082+02:00  INFO 17396 --- [           main] com.zaxxer.hikari.HikariDataSource       : HikariPool-12 - Shutdown completed.
]]></system-out>
  </testcase>
</testsuite>