<?xml version="1.0" encoding="UTF-8"?>
<testsuite xmlns:xsi="http://www.w3.org/2001/XMLSchema-instance" xsi:noNamespaceSchemaLocation="https://maven.apache.org/surefire/maven-surefire-plugin/xsd/surefire-test-report-3.0.xsd" version="3.0" name="com.filipszala.lecturemanager.LectureManagerApplicationTests" time="0.634" tests="1" errors="0" skipped="0" failures="0">
  <properties>
[...]
</properties>
  <testcase name="contextLoads" classname="com.filipszala.lecturemanager.LectureManagerApplicationTests" time="0.005">
    <system-out><![CDATA[2023-09-15T14:10:13.243+02:00  INFO 17396 --- [           main] t.c.s.AnnotationConfigContextLoaderUtils : Could not detect default configuration classes for test class [com.filipszala.lecturemanager.LectureManagerApplicationTests]: LectureManagerApplicationTests does not declare any static, non-private, non-final, nested classes annotated with @Configuration.
2023-09-15T14:10:13.251+02:00  INFO 17396 --- [           main] .b.t.c.SpringBootTestContextBootstrapper : Found @SpringBootConfiguration com.filipszala.lecturemanager.LectureManagerApplication for test class com.filipszala.lecturemanager.LectureManagerApplicationTests

  .   ____          _            __ _ _
 /\\ / ___'_ __ _ _(_)_ __  __ _ \ \ \ \
( ( )\___ | '_ | '_| | '_ \/ _` | \ \ \ \
 \\/  ___)| |_)| | | | | || (_| |  ) ) ) )
  '  |____| .__|_| |_|_| |_\__, | / / / /
 =========|_|==============|___/=/_/_/_/
 :: Spring Boot ::                (v3.1.2)

2023-09-15T14:10:13.285+02:00  INFO 17396 --- [           main] c.f.l.LectureManagerApplicationTests     : Starting LectureManagerApplicationTests using Java 20.0.1 with PID 17396 (started by filip in D:\Programowanie\LectureManager)
2023-09-15T14:10:13.286+02:00  INFO 17396 --- [           main] c.f.l.LectureManagerApplicationTests     : No active profile set, falling back to 1 default profile: "default"
2023-09-15T14:10:13.459+02:00  INFO 17396 --- [           main] .s.d.r.c.RepositoryConfigurationDelegate : Bootstrapping Spring Data JPA repositories in DEFAULT mode.
2023-09-15T14:10:13.476+02:00  INFO 17396 --- [           main] .s.d.r.c.RepositoryConfigurationDelegate : Finished Spring Data repository scanning in 16 ms. Found 3 JPA repository interfaces.
2023-09-15T14:10:13.563+02:00  INFO 17396 --- [           main] com.zaxxer.hikari.HikariDataSource       : HikariPool-20 - Starting...
2023-09-15T14:10:13.565+02:00  INFO 17396 --- [           main] com.zaxxer.hikari.pool.HikariPool        : HikariPool-20 - Added connection conn190: url=jdbc:h2:mem:testdb user=FILIP
2023-09-15T14:10:13.566+02:00  INFO 17396 --- [           main] com.zaxxer.hikari.HikariDataSource       : HikariPool-20 - Start completed.
2023-09-15T14:10:13.567+02:00  INFO 17396 --- [           main] o.hibernate.jpa.internal.util.LogHelper  : HHH000204: Processing PersistenceUnitInfo [name: default]
2023-09-15T14:10:13.573+02:00  INFO 17396 --- [           main] o.h.b.i.BytecodeProviderInitiator        : HHH000021: Bytecode provider name : bytebuddy
2023-09-15T14:10:13.573+02:00  INFO 17396 --- [           main] o.s.o.j.p.SpringPersistenceUnitInfo      : No LoadTimeWeaver setup: ignoring JPA class transformer
2023-09-15T14:10:13.592+02:00  INFO 17396 --- [           main] o.h.b.i.BytecodeProviderInitiator        : HHH000021: Bytecode provider name : bytebuddy
2023-09-15T14:10:13.637+02:00  INFO 17396 --- [           main] o.h.e.t.j.p.i.JtaPlatformInitiator       : HHH000490: Using JtaPlatform implementation: [org.hibernate.engine.transaction.jta.platform.internal.NoJtaPlatform]
2023-09-15T14:10:13.647+02:00  INFO 17396 --- [           main] j.LocalContainerEntityManagerFactoryBean : Initialized JPA EntityManagerFactory for persistence unit 'default'
2023-09-15T14:10:13.724+02:00  WARN 17396 --- [           main] JpaBaseConfiguration$JpaWebConfiguration : spring.jpa.open-in-view is enabled by default. Therefore, database queries may be performed during view rendering. Explicitly configure spring.jpa.open-in-view to disable this warning
2023-09-15T14:10:13.844+02:00  INFO 17396 --- [           main] o.s.b.a.h2.H2ConsoleAutoConfiguration    : H2 console available at '/h2-console'. Database available at 'jdbc:h2:mem:testdb'
2023-09-15T14:10:13.867+02:00  INFO 17396 --- [           main] c.f.l.LectureManagerApplicationTests     : Started LectureManagerApplicationTests in 0.609 seconds (process running for 28.209)
]]></system-out>
  </testcase>
</testsuite>