<?xml version="1.0" encoding="UTF-8"?>
<testsuite xmlns:xsi="http://www.w3.org/2001/XMLSchema-instance" xsi:noNamespaceSchemaLocation="https://maven.apache.org/surefire/maven-surefire-plugin/xsd/surefire-test-report-3.0.xsd" version="3.0" name="com.filipszala.lecturemanager.controller.LectureControllerIntegrationTests" time="15.816" tests="6" errors="0" skipped="0" failures="0">
  <properties>
[...]
</properties>
  <testcase name="shouldDeleteLecture" classname="com.filipszala.lecturemanager.controller.LectureControllerIntegrationTests" time="1.305">
    <system-out><![CDATA[14:09:47.451 [main] INFO org.springframework.test.context.support.AnnotationConfigContextLoaderUtils -- Could not detect default configuration classes for test class [com.filipszala.lecturemanager.controller.LectureControllerIntegrationTests]: LectureControllerIntegrationTests does not declare any static, non-private, non-final, nested classes annotated with @Configuration.
14:09:47.752 [main] INFO org.springframework.boot.test.context.SpringBootTestContextBootstrapper -- Found @SpringBootConfiguration com.filipszala.lecturemanager.LectureManagerApplication for test class com.filipszala.lecturemanager.controller.LectureControllerIntegrationTests

  .   ____          _            __ _ _
 /\\ / ___'_ __ _ _(_)_ __  __ _ \ \ \ \
( ( )\___ | '_ | '_| | '_ \/ _` | \ \ \ \
 \\/  ___)| |_)| | | | | || (_| |  ) ) ) )
  '  |____| .__|_| |_|_| |_\__, | / / / /
 =========|_|==============|___/=/_/_/_/
 :: Spring Boot ::                (v3.1.2)

2023-09-15T14:09:48.647+02:00  INFO 17396 --- [           main] .f.l.c.LectureControllerIntegrationTests : Starting LectureControllerIntegrationTests using Java 20.0.1 with PID 17396 (started by filip in D:\Programowanie\LectureManager)
2023-09-15T14:09:48.650+02:00  INFO 17396 --- [           main] .f.l.c.LectureControllerIntegrationTests : No active profile set, falling back to 1 default profile: "default"
2023-09-15T14:09:49.983+02:00  INFO 17396 --- [           main] .s.d.r.c.RepositoryConfigurationDelegate : Bootstrapping Spring Data JPA repositories in DEFAULT mode.
2023-09-15T14:09:50.099+02:00  INFO 17396 --- [           main] .s.d.r.c.RepositoryConfigurationDelegate : Finished Spring Data repository scanning in 100 ms. Found 3 JPA repository interfaces.
2023-09-15T14:09:50.899+02:00  INFO 17396 --- [           main] com.zaxxer.hikari.HikariDataSource       : HikariPool-1 - Starting...
2023-09-15T14:09:51.396+02:00  INFO 17396 --- [           main] com.zaxxer.hikari.pool.HikariPool        : HikariPool-1 - Added connection conn0: url=jdbc:h2:mem:testdb user=FILIP
2023-09-15T14:09:51.399+02:00  INFO 17396 --- [           main] com.zaxxer.hikari.HikariDataSource       : HikariPool-1 - Start completed.
2023-09-15T14:09:51.496+02:00  INFO 17396 --- [           main] o.hibernate.jpa.internal.util.LogHelper  : HHH000204: Processing PersistenceUnitInfo [name: default]
2023-09-15T14:09:51.636+02:00  INFO 17396 --- [           main] org.hibernate.Version                    : HHH000412: Hibernate ORM core version 6.2.6.Final
2023-09-15T14:09:51.642+02:00  INFO 17396 --- [           main] org.hibernate.cfg.Environment            : HHH000406: Using bytecode reflection optimizer
2023-09-15T14:09:52.022+02:00  INFO 17396 --- [           main] o.h.b.i.BytecodeProviderInitiator        : HHH000021: Bytecode provider name : bytebuddy
2023-09-15T14:09:52.337+02:00  INFO 17396 --- [           main] o.s.o.j.p.SpringPersistenceUnitInfo      : No LoadTimeWeaver setup: ignoring JPA class transformer
2023-09-15T14:09:52.978+02:00  INFO 17396 --- [           main] o.h.b.i.BytecodeProviderInitiator        : HHH000021: Bytecode provider name : bytebuddy
2023-09-15T14:09:54.102+02:00  INFO 17396 --- [           main] o.h.e.t.j.p.i.JtaPlatformInitiator       : HHH000490: Using JtaPlatform implementation: [org.hibernate.engine.transaction.jta.platform.internal.NoJtaPlatform]
2023-09-15T14:09:54.186+02:00  INFO 17396 --- [           main] j.LocalContainerEntityManagerFactoryBean : Initialized JPA EntityManagerFactory for persistence unit 'default'
2023-09-15T14:09:55.112+02:00  WARN 17396 --- [           main] JpaBaseConfiguration$JpaWebConfiguration : spring.jpa.open-in-view is enabled by default. Therefore, database queries may be performed during view rendering. Explicitly configure spring.jpa.open-in-view to disable this warning
2023-09-15T14:09:55.678+02:00  INFO 17396 --- [           main] o.s.b.a.h2.H2ConsoleAutoConfiguration    : H2 console available at '/h2-console'. Database available at 'jdbc:h2:mem:testdb'
2023-09-15T14:09:55.753+02:00  INFO 17396 --- [           main] o.s.b.t.m.w.SpringBootMockServletContext : Initializing Spring TestDispatcherServlet ''
2023-09-15T14:09:55.754+02:00  INFO 17396 --- [           main] o.s.t.web.servlet.TestDispatcherServlet  : Initializing Servlet ''
2023-09-15T14:09:55.761+02:00  INFO 17396 --- [           main] o.s.t.web.servlet.TestDispatcherServlet  : Completed initialization in 2 ms
2023-09-15T14:09:55.794+02:00  INFO 17396 --- [           main] .f.l.c.LectureControllerIntegrationTests : Started LectureControllerIntegrationTests in 7.691 seconds (process running for 10.136)
2023-09-15T14:09:57.104+02:00  INFO 17396 --- [           main] j.LocalContainerEntityManagerFactoryBean : Closing JPA EntityManagerFactory for persistence unit 'default'
2023-09-15T14:09:57.115+02:00  INFO 17396 --- [           main] com.zaxxer.hikari.HikariDataSource       : HikariPool-1 - Shutdown initiated...
2023-09-15T14:09:57.119+02:00  INFO 17396 --- [           main] com.zaxxer.hikari.HikariDataSource       : HikariPool-1 - Shutdown completed.
]]></system-out>
  </testcase>
  <testcase name="shouldGetListOfLecture" classname="com.filipszala.lecturemanager.controller.LectureControllerIntegrationTests" time="0.575">
    <system-out><![CDATA[
  .   ____          _            __ _ _
 /\\ / ___'_ __ _ _(_)_ __  __ _ \ \ \ \
( ( )\___ | '_ | '_| | '_ \/ _` | \ \ \ \
 \\/  ___)| |_)| | | | | || (_| |  ) ) ) )
  '  |____| .__|_| |_|_| |_\__, | / / / /
 =========|_|==============|___/=/_/_/_/
 :: Spring Boot ::                (v3.1.2)

2023-09-15T14:09:57.167+02:00  INFO 17396 --- [           main] .f.l.c.LectureControllerIntegrationTests : Starting LectureControllerIntegrationTests using Java 20.0.1 with PID 17396 (started by filip in D:\Programowanie\LectureManager)
2023-09-15T14:09:57.168+02:00  INFO 17396 --- [           main] .f.l.c.LectureControllerIntegrationTests : No active profile set, falling back to 1 default profile: "default"
2023-09-15T14:09:57.480+02:00  INFO 17396 --- [           main] .s.d.r.c.RepositoryConfigurationDelegate : Bootstrapping Spring Data JPA repositories in DEFAULT mode.
2023-09-15T14:09:57.499+02:00  INFO 17396 --- [           main] .s.d.r.c.RepositoryConfigurationDelegate : Finished Spring Data repository scanning in 18 ms. Found 3 JPA repository interfaces.
2023-09-15T14:09:57.636+02:00  INFO 17396 --- [           main] com.zaxxer.hikari.HikariDataSource       : HikariPool-2 - Starting...
2023-09-15T14:09:57.640+02:00  INFO 17396 --- [           main] com.zaxxer.hikari.pool.HikariPool        : HikariPool-2 - Added connection conn10: url=jdbc:h2:mem:testdb user=FILIP
2023-09-15T14:09:57.640+02:00  INFO 17396 --- [           main] com.zaxxer.hikari.HikariDataSource       : HikariPool-2 - Start completed.
2023-09-15T14:09:57.642+02:00  INFO 17396 --- [           main] o.hibernate.jpa.internal.util.LogHelper  : HHH000204: Processing PersistenceUnitInfo [name: default]
2023-09-15T14:09:57.650+02:00  INFO 17396 --- [           main] o.h.b.i.BytecodeProviderInitiator        : HHH000021: Bytecode provider name : bytebuddy
2023-09-15T14:09:57.651+02:00  INFO 17396 --- [           main] o.s.o.j.p.SpringPersistenceUnitInfo      : No LoadTimeWeaver setup: ignoring JPA class transformer
2023-09-15T14:09:57.677+02:00  INFO 17396 --- [           main] o.h.b.i.BytecodeProviderInitiator        : HHH000021: Bytecode provider name : bytebuddy
2023-09-15T14:09:57.764+02:00  INFO 17396 --- [           main] o.h.e.t.j.p.i.JtaPlatformInitiator       : HHH000490: Using JtaPlatform implementation: [org.hibernate.engine.transaction.jta.platform.internal.NoJtaPlatform]
2023-09-15T14:09:57.779+02:00  INFO 17396 --- [           main] j.LocalContainerEntityManagerFactoryBean : Initialized JPA EntityManagerFactory for persistence unit 'default'
2023-09-15T14:09:57.991+02:00  WARN 17396 --- [           main] JpaBaseConfiguration$JpaWebConfiguration : spring.jpa.open-in-view is enabled by default. Therefore, database queries may be performed during view rendering. Explicitly configure spring.jpa.open-in-view to disable this warning
2023-09-15T14:09:58.130+02:00  INFO 17396 --- [           main] o.s.b.a.h2.H2ConsoleAutoConfiguration    : H2 console available at '/h2-console'. Database available at 'jdbc:h2:mem:testdb'
2023-09-15T14:09:58.193+02:00  INFO 17396 --- [           main] o.s.b.t.m.w.SpringBootMockServletContext : Initializing Spring TestDispatcherServlet ''
2023-09-15T14:09:58.214+02:00  INFO 17396 --- [           main] o.s.t.web.servlet.TestDispatcherServlet  : Initializing Servlet ''
2023-09-15T14:09:58.217+02:00  INFO 17396 --- [           main] o.s.t.web.servlet.TestDispatcherServlet  : Completed initialization in 2 ms
2023-09-15T14:09:58.246+02:00  INFO 17396 --- [           main] .f.l.c.LectureControllerIntegrationTests : Started LectureControllerIntegrationTests in 1.113 seconds (process running for 12.588)

MockHttpServletRequest:
      HTTP Method = GET
      Request URI = /lectures
       Parameters = {}
          Headers = []
             Body = null
    Session Attrs = {}

Handler:
             Type = com.filipszala.lecturemanager.controller.LectureController
           Method = com.filipszala.lecturemanager.controller.LectureController#displayAllLectures()

Async:
    Async started = false
     Async result = null

Resolved Exception:
             Type = null

ModelAndView:
        View name = null
             View = null
            Model = null

FlashMap:
       Attributes = null

MockHttpServletResponse:
           Status = 200
    Error message = null
          Headers = [Content-Type:"application/json"]
     Content type = application/json
             Body = [{"id":1,"name":"Filip","place":"lecture hall"},{"id":2,"name":"Filip2","place":"lecture hall2"}]
    Forwarded URL = null
   Redirected URL = null
          Cookies = []
2023-09-15T14:09:58.822+02:00  INFO 17396 --- [           main] j.LocalContainerEntityManagerFactoryBean : Closing JPA EntityManagerFactory for persistence unit 'default'
2023-09-15T14:09:58.831+02:00  INFO 17396 --- [           main] com.zaxxer.hikari.HikariDataSource       : HikariPool-2 - Shutdown initiated...
2023-09-15T14:09:58.833+02:00  INFO 17396 --- [           main] com.zaxxer.hikari.HikariDataSource       : HikariPool-2 - Shutdown completed.
]]></system-out>
  </testcase>
  <testcase name="shouldPartiallyUpdateLecture" classname="com.filipszala.lecturemanager.controller.LectureControllerIntegrationTests" time="0.109">
    <system-out><![CDATA[
  .   ____          _            __ _ _
 /\\ / ___'_ __ _ _(_)_ __  __ _ \ \ \ \
( ( )\___ | '_ | '_| | '_ \/ _` | \ \ \ \
 \\/  ___)| |_)| | | | | || (_| |  ) ) ) )
  '  |____| .__|_| |_|_| |_\__, | / / / /
 =========|_|==============|___/=/_/_/_/
 :: Spring Boot ::                (v3.1.2)

2023-09-15T14:09:58.902+02:00  INFO 17396 --- [           main] .f.l.c.LectureControllerIntegrationTests : Starting LectureControllerIntegrationTests using Java 20.0.1 with PID 17396 (started by filip in D:\Programowanie\LectureManager)
2023-09-15T14:09:58.903+02:00  INFO 17396 --- [           main] .f.l.c.LectureControllerIntegrationTests : No active profile set, falling back to 1 default profile: "default"
2023-09-15T14:09:59.268+02:00  INFO 17396 --- [           main] .s.d.r.c.RepositoryConfigurationDelegate : Bootstrapping Spring Data JPA repositories in DEFAULT mode.
2023-09-15T14:09:59.285+02:00  INFO 17396 --- [           main] .s.d.r.c.RepositoryConfigurationDelegate : Finished Spring Data repository scanning in 16 ms. Found 3 JPA repository interfaces.
2023-09-15T14:09:59.400+02:00  INFO 17396 --- [           main] com.zaxxer.hikari.HikariDataSource       : HikariPool-3 - Starting...
2023-09-15T14:09:59.404+02:00  INFO 17396 --- [           main] com.zaxxer.hikari.pool.HikariPool        : HikariPool-3 - Added connection conn20: url=jdbc:h2:mem:testdb user=FILIP
2023-09-15T14:09:59.404+02:00  INFO 17396 --- [           main] com.zaxxer.hikari.HikariDataSource       : HikariPool-3 - Start completed.
2023-09-15T14:09:59.406+02:00  INFO 17396 --- [           main] o.hibernate.jpa.internal.util.LogHelper  : HHH000204: Processing PersistenceUnitInfo [name: default]
2023-09-15T14:09:59.415+02:00  INFO 17396 --- [           main] o.h.b.i.BytecodeProviderInitiator        : HHH000021: Bytecode provider name : bytebuddy
2023-09-15T14:09:59.415+02:00  INFO 17396 --- [           main] o.s.o.j.p.SpringPersistenceUnitInfo      : No LoadTimeWeaver setup: ignoring JPA class transformer
2023-09-15T14:09:59.441+02:00  INFO 17396 --- [           main] o.h.b.i.BytecodeProviderInitiator        : HHH000021: Bytecode provider name : bytebuddy
2023-09-15T14:09:59.515+02:00  INFO 17396 --- [           main] o.h.e.t.j.p.i.JtaPlatformInitiator       : HHH000490: Using JtaPlatform implementation: [org.hibernate.engine.transaction.jta.platform.internal.NoJtaPlatform]
2023-09-15T14:09:59.529+02:00  INFO 17396 --- [           main] j.LocalContainerEntityManagerFactoryBean : Initialized JPA EntityManagerFactory for persistence unit 'default'
2023-09-15T14:09:59.684+02:00  WARN 17396 --- [           main] JpaBaseConfiguration$JpaWebConfiguration : spring.jpa.open-in-view is enabled by default. Therefore, database queries may be performed during view rendering. Explicitly configure spring.jpa.open-in-view to disable this warning
2023-09-15T14:09:59.799+02:00  INFO 17396 --- [           main] o.s.b.a.h2.H2ConsoleAutoConfiguration    : H2 console available at '/h2-console'. Database available at 'jdbc:h2:mem:testdb'
2023-09-15T14:09:59.822+02:00  INFO 17396 --- [           main] o.s.b.t.m.w.SpringBootMockServletContext : Initializing Spring TestDispatcherServlet ''
2023-09-15T14:09:59.822+02:00  INFO 17396 --- [           main] o.s.t.web.servlet.TestDispatcherServlet  : Initializing Servlet ''
2023-09-15T14:09:59.824+02:00  INFO 17396 --- [           main] o.s.t.web.servlet.TestDispatcherServlet  : Completed initialization in 2 ms
2023-09-15T14:09:59.833+02:00  INFO 17396 --- [           main] .f.l.c.LectureControllerIntegrationTests : Started LectureControllerIntegrationTests in 0.994 seconds (process running for 14.175)

MockHttpServletRequest:
      HTTP Method = PATCH
      Request URI = /lectures/1
       Parameters = {}
          Headers = [Content-Type:"application/json;charset=UTF-8", Content-Length:"186"]
             Body = {"id":2,"students":[{"id":null,"name":"Test","surname":"Test","lectures":[]}],"professor":{"id":2,"name":"Test2","surname":"Test2","lectures":[]},"name":"Filip2","place":"lecture hall2"}
    Session Attrs = {}

Handler:
             Type = com.filipszala.lecturemanager.controller.LectureController
           Method = com.filipszala.lecturemanager.controller.LectureController#partiallyUpdateLecture(Long, Lecture)

Async:
    Async started = false
     Async result = null

Resolved Exception:
             Type = null

ModelAndView:
        View name = null
             View = null
            Model = null

FlashMap:
       Attributes = null

MockHttpServletResponse:
           Status = 200
    Error message = null
          Headers = [Content-Type:"application/json"]
     Content type = application/json
             Body = {"id":1,"professorWithoutLectureDto":{"id":2,"name":"Test2","surname":"Test2"},"studentWithoutLectureDtos":[{"id":2,"name":"Test","surname":"Test"}],"name":"Filip2","place":"lecture hall2"}
    Forwarded URL = null
   Redirected URL = null
          Cookies = []
2023-09-15T14:09:59.940+02:00  INFO 17396 --- [           main] j.LocalContainerEntityManagerFactoryBean : Closing JPA EntityManagerFactory for persistence unit 'default'
2023-09-15T14:09:59.944+02:00  INFO 17396 --- [           main] com.zaxxer.hikari.HikariDataSource       : HikariPool-3 - Shutdown initiated...
2023-09-15T14:09:59.945+02:00  INFO 17396 --- [           main] com.zaxxer.hikari.HikariDataSource       : HikariPool-3 - Shutdown completed.
]]></system-out>
  </testcase>
  <testcase name="shouldCreateLecture" classname="com.filipszala.lecturemanager.controller.LectureControllerIntegrationTests" time="0.071">
    <system-out><![CDATA[
  .   ____          _            __ _ _
 /\\ / ___'_ __ _ _(_)_ __  __ _ \ \ \ \
( ( )\___ | '_ | '_| | '_ \/ _` | \ \ \ \
 \\/  ___)| |_)| | | | | || (_| |  ) ) ) )
  '  |____| .__|_| |_|_| |_\__, | / / / /
 =========|_|==============|___/=/_/_/_/
 :: Spring Boot ::                (v3.1.2)

2023-09-15T14:09:59.977+02:00  INFO 17396 --- [           main] .f.l.c.LectureControllerIntegrationTests : Starting LectureControllerIntegrationTests using Java 20.0.1 with PID 17396 (started by filip in D:\Programowanie\LectureManager)
2023-09-15T14:09:59.978+02:00  INFO 17396 --- [           main] .f.l.c.LectureControllerIntegrationTests : No active profile set, falling back to 1 default profile: "default"
2023-09-15T14:10:00.245+02:00  INFO 17396 --- [           main] .s.d.r.c.RepositoryConfigurationDelegate : Bootstrapping Spring Data JPA repositories in DEFAULT mode.
2023-09-15T14:10:00.259+02:00  INFO 17396 --- [           main] .s.d.r.c.RepositoryConfigurationDelegate : Finished Spring Data repository scanning in 13 ms. Found 3 JPA repository interfaces.
2023-09-15T14:10:00.348+02:00  INFO 17396 --- [           main] com.zaxxer.hikari.HikariDataSource       : HikariPool-4 - Starting...
2023-09-15T14:10:00.351+02:00  INFO 17396 --- [           main] com.zaxxer.hikari.pool.HikariPool        : HikariPool-4 - Added connection conn30: url=jdbc:h2:mem:testdb user=FILIP
2023-09-15T14:10:00.352+02:00  INFO 17396 --- [           main] com.zaxxer.hikari.HikariDataSource       : HikariPool-4 - Start completed.
2023-09-15T14:10:00.353+02:00  INFO 17396 --- [           main] o.hibernate.jpa.internal.util.LogHelper  : HHH000204: Processing PersistenceUnitInfo [name: default]
2023-09-15T14:10:00.362+02:00  INFO 17396 --- [           main] o.h.b.i.BytecodeProviderInitiator        : HHH000021: Bytecode provider name : bytebuddy
2023-09-15T14:10:00.362+02:00  INFO 17396 --- [           main] o.s.o.j.p.SpringPersistenceUnitInfo      : No LoadTimeWeaver setup: ignoring JPA class transformer
2023-09-15T14:10:00.385+02:00  INFO 17396 --- [           main] o.h.b.i.BytecodeProviderInitiator        : HHH000021: Bytecode provider name : bytebuddy
2023-09-15T14:10:00.448+02:00  INFO 17396 --- [           main] o.h.e.t.j.p.i.JtaPlatformInitiator       : HHH000490: Using JtaPlatform implementation: [org.hibernate.engine.transaction.jta.platform.internal.NoJtaPlatform]
2023-09-15T14:10:00.463+02:00  INFO 17396 --- [           main] j.LocalContainerEntityManagerFactoryBean : Initialized JPA EntityManagerFactory for persistence unit 'default'
2023-09-15T14:10:00.608+02:00  WARN 17396 --- [           main] JpaBaseConfiguration$JpaWebConfiguration : spring.jpa.open-in-view is enabled by default. Therefore, database queries may be performed during view rendering. Explicitly configure spring.jpa.open-in-view to disable this warning
2023-09-15T14:10:00.711+02:00  INFO 17396 --- [           main] o.s.b.a.h2.H2ConsoleAutoConfiguration    : H2 console available at '/h2-console'. Database available at 'jdbc:h2:mem:testdb'
2023-09-15T14:10:00.743+02:00  INFO 17396 --- [           main] o.s.b.t.m.w.SpringBootMockServletContext : Initializing Spring TestDispatcherServlet ''
2023-09-15T14:10:00.743+02:00  INFO 17396 --- [           main] o.s.t.web.servlet.TestDispatcherServlet  : Initializing Servlet ''
2023-09-15T14:10:00.743+02:00  INFO 17396 --- [           main] o.s.t.web.servlet.TestDispatcherServlet  : Completed initialization in 0 ms
2023-09-15T14:10:00.750+02:00  INFO 17396 --- [           main] .f.l.c.LectureControllerIntegrationTests : Started LectureControllerIntegrationTests in 0.801 seconds (process running for 15.092)

MockHttpServletRequest:
      HTTP Method = POST
      Request URI = /lectures/professors/1
       Parameters = {}
          Headers = [Content-Type:"application/json;charset=UTF-8", Content-Length:"187"]
             Body = {"id":1,"students":[{"id":null,"name":"Test","surname":"Test","lectures":[]}],"professor":{"id":null,"name":"Test2","surname":"Test2","lectures":[]},"name":"Filip","place":"lecture hall"}
    Session Attrs = {}

Handler:
             Type = com.filipszala.lecturemanager.controller.LectureController
           Method = com.filipszala.lecturemanager.controller.LectureController#createLecture(Long, Lecture)

Async:
    Async started = false
     Async result = null

Resolved Exception:
             Type = null

ModelAndView:
        View name = null
             View = null
            Model = null

FlashMap:
       Attributes = null

MockHttpServletResponse:
           Status = 201
    Error message = null
          Headers = [Content-Type:"application/json"]
     Content type = application/json
             Body = {"id":1,"professorWithoutLectureDto":{"id":1,"name":"Test2","surname":"Test2"},"studentWithoutLectureDtos":[{"id":1,"name":"Test","surname":"Test"}],"name":"Filip","place":"lecture hall"}
    Forwarded URL = null
   Redirected URL = null
          Cookies = []
2023-09-15T14:10:00.818+02:00  INFO 17396 --- [           main] j.LocalContainerEntityManagerFactoryBean : Closing JPA EntityManagerFactory for persistence unit 'default'
2023-09-15T14:10:00.824+02:00  INFO 17396 --- [           main] com.zaxxer.hikari.HikariDataSource       : HikariPool-4 - Shutdown initiated...
2023-09-15T14:10:00.825+02:00  INFO 17396 --- [           main] com.zaxxer.hikari.HikariDataSource       : HikariPool-4 - Shutdown completed.
]]></system-out>
  </testcase>
  <testcase name="shouldUpdateLecture" classname="com.filipszala.lecturemanager.controller.LectureControllerIntegrationTests" time="0.096">
    <system-out><![CDATA[
  .   ____          _            __ _ _
 /\\ / ___'_ __ _ _(_)_ __  __ _ \ \ \ \
( ( )\___ | '_ | '_| | '_ \/ _` | \ \ \ \
 \\/  ___)| |_)| | | | | || (_| |  ) ) ) )
  '  |____| .__|_| |_|_| |_\__, | / / / /
 =========|_|==============|___/=/_/_/_/
 :: Spring Boot ::                (v3.1.2)

2023-09-15T14:10:00.863+02:00  INFO 17396 --- [           main] .f.l.c.LectureControllerIntegrationTests : Starting LectureControllerIntegrationTests using Java 20.0.1 with PID 17396 (started by filip in D:\Programowanie\LectureManager)
2023-09-15T14:10:00.863+02:00  INFO 17396 --- [           main] .f.l.c.LectureControllerIntegrationTests : No active profile set, falling back to 1 default profile: "default"
2023-09-15T14:10:01.090+02:00  INFO 17396 --- [           main] .s.d.r.c.RepositoryConfigurationDelegate : Bootstrapping Spring Data JPA repositories in DEFAULT mode.
2023-09-15T14:10:01.107+02:00  INFO 17396 --- [           main] .s.d.r.c.RepositoryConfigurationDelegate : Finished Spring Data repository scanning in 15 ms. Found 3 JPA repository interfaces.
2023-09-15T14:10:01.228+02:00  INFO 17396 --- [           main] com.zaxxer.hikari.HikariDataSource       : HikariPool-5 - Starting...
2023-09-15T14:10:01.231+02:00  INFO 17396 --- [           main] com.zaxxer.hikari.pool.HikariPool        : HikariPool-5 - Added connection conn40: url=jdbc:h2:mem:testdb user=FILIP
2023-09-15T14:10:01.231+02:00  INFO 17396 --- [           main] com.zaxxer.hikari.HikariDataSource       : HikariPool-5 - Start completed.
2023-09-15T14:10:01.232+02:00  INFO 17396 --- [           main] o.hibernate.jpa.internal.util.LogHelper  : HHH000204: Processing PersistenceUnitInfo [name: default]
2023-09-15T14:10:01.240+02:00  INFO 17396 --- [           main] o.h.b.i.BytecodeProviderInitiator        : HHH000021: Bytecode provider name : bytebuddy
2023-09-15T14:10:01.240+02:00  INFO 17396 --- [           main] o.s.o.j.p.SpringPersistenceUnitInfo      : No LoadTimeWeaver setup: ignoring JPA class transformer
2023-09-15T14:10:01.262+02:00  INFO 17396 --- [           main] o.h.b.i.BytecodeProviderInitiator        : HHH000021: Bytecode provider name : bytebuddy
2023-09-15T14:10:01.338+02:00  INFO 17396 --- [           main] o.h.e.t.j.p.i.JtaPlatformInitiator       : HHH000490: Using JtaPlatform implementation: [org.hibernate.engine.transaction.jta.platform.internal.NoJtaPlatform]
2023-09-15T14:10:01.352+02:00  INFO 17396 --- [           main] j.LocalContainerEntityManagerFactoryBean : Initialized JPA EntityManagerFactory for persistence unit 'default'
2023-09-15T14:10:01.559+02:00  WARN 17396 --- [           main] JpaBaseConfiguration$JpaWebConfiguration : spring.jpa.open-in-view is enabled by default. Therefore, database queries may be performed during view rendering. Explicitly configure spring.jpa.open-in-view to disable this warning
2023-09-15T14:10:01.726+02:00  INFO 17396 --- [           main] o.s.b.a.h2.H2ConsoleAutoConfiguration    : H2 console available at '/h2-console'. Database available at 'jdbc:h2:mem:testdb'
2023-09-15T14:10:01.754+02:00  INFO 17396 --- [           main] o.s.b.t.m.w.SpringBootMockServletContext : Initializing Spring TestDispatcherServlet ''
2023-09-15T14:10:01.755+02:00  INFO 17396 --- [           main] o.s.t.web.servlet.TestDispatcherServlet  : Initializing Servlet ''
2023-09-15T14:10:01.757+02:00  INFO 17396 --- [           main] o.s.t.web.servlet.TestDispatcherServlet  : Completed initialization in 2 ms
2023-09-15T14:10:01.769+02:00  INFO 17396 --- [           main] .f.l.c.LectureControllerIntegrationTests : Started LectureControllerIntegrationTests in 0.939 seconds (process running for 16.111)

MockHttpServletRequest:
      HTTP Method = PUT
      Request URI = /lectures/1
       Parameters = {}
          Headers = [Content-Type:"application/json;charset=UTF-8", Content-Length:"186"]
             Body = {"id":2,"students":[{"id":null,"name":"Test","surname":"Test","lectures":[]}],"professor":{"id":2,"name":"Test2","surname":"Test2","lectures":[]},"name":"Filip2","place":"lecture hall2"}
    Session Attrs = {}

Handler:
             Type = com.filipszala.lecturemanager.controller.LectureController
           Method = com.filipszala.lecturemanager.controller.LectureController#updateLecture(Long, Lecture)

Async:
    Async started = false
     Async result = null

Resolved Exception:
             Type = null

ModelAndView:
        View name = null
             View = null
            Model = null

FlashMap:
       Attributes = null

MockHttpServletResponse:
           Status = 200
    Error message = null
          Headers = [Content-Type:"application/json"]
     Content type = application/json
             Body = {"id":1,"professorWithoutLectureDto":{"id":1,"name":"Test2","surname":"Test2"},"studentWithoutLectureDtos":[{"id":1,"name":"Test","surname":"Test"}],"name":"Filip2","place":"lecture hall2"}
    Forwarded URL = null
   Redirected URL = null
          Cookies = []
2023-09-15T14:10:01.866+02:00  INFO 17396 --- [           main] j.LocalContainerEntityManagerFactoryBean : Closing JPA EntityManagerFactory for persistence unit 'default'
2023-09-15T14:10:01.871+02:00  INFO 17396 --- [           main] com.zaxxer.hikari.HikariDataSource       : HikariPool-5 - Shutdown initiated...
2023-09-15T14:10:01.872+02:00  INFO 17396 --- [           main] com.zaxxer.hikari.HikariDataSource       : HikariPool-5 - Shutdown completed.
]]></system-out>
  </testcase>
  <testcase name="shouldGetSingleLecture" classname="com.filipszala.lecturemanager.controller.LectureControllerIntegrationTests" time="0.059">
    <system-out><![CDATA[
  .   ____          _            __ _ _
 /\\ / ___'_ __ _ _(_)_ __  __ _ \ \ \ \
( ( )\___ | '_ | '_| | '_ \/ _` | \ \ \ \
 \\/  ___)| |_)| | | | | || (_| |  ) ) ) )
  '  |____| .__|_| |_|_| |_\__, | / / / /
 =========|_|==============|___/=/_/_/_/
 :: Spring Boot ::                (v3.1.2)

2023-09-15T14:10:01.916+02:00  INFO 17396 --- [           main] .f.l.c.LectureControllerIntegrationTests : Starting LectureControllerIntegrationTests using Java 20.0.1 with PID 17396 (started by filip in D:\Programowanie\LectureManager)
2023-09-15T14:10:01.916+02:00  INFO 17396 --- [           main] .f.l.c.LectureControllerIntegrationTests : No active profile set, falling back to 1 default profile: "default"
2023-09-15T14:10:02.232+02:00  INFO 17396 --- [           main] .s.d.r.c.RepositoryConfigurationDelegate : Bootstrapping Spring Data JPA repositories in DEFAULT mode.
2023-09-15T14:10:02.250+02:00  INFO 17396 --- [           main] .s.d.r.c.RepositoryConfigurationDelegate : Finished Spring Data repository scanning in 18 ms. Found 3 JPA repository interfaces.
2023-09-15T14:10:02.366+02:00  INFO 17396 --- [           main] com.zaxxer.hikari.HikariDataSource       : HikariPool-6 - Starting...
2023-09-15T14:10:02.369+02:00  INFO 17396 --- [           main] com.zaxxer.hikari.pool.HikariPool        : HikariPool-6 - Added connection conn50: url=jdbc:h2:mem:testdb user=FILIP
2023-09-15T14:10:02.370+02:00  INFO 17396 --- [           main] com.zaxxer.hikari.HikariDataSource       : HikariPool-6 - Start completed.
2023-09-15T14:10:02.372+02:00  INFO 17396 --- [           main] o.hibernate.jpa.internal.util.LogHelper  : HHH000204: Processing PersistenceUnitInfo [name: default]
2023-09-15T14:10:02.379+02:00  INFO 17396 --- [           main] o.h.b.i.BytecodeProviderInitiator        : HHH000021: Bytecode provider name : bytebuddy
2023-09-15T14:10:02.380+02:00  INFO 17396 --- [           main] o.s.o.j.p.SpringPersistenceUnitInfo      : No LoadTimeWeaver setup: ignoring JPA class transformer
2023-09-15T14:10:02.404+02:00  INFO 17396 --- [           main] o.h.b.i.BytecodeProviderInitiator        : HHH000021: Bytecode provider name : bytebuddy
2023-09-15T14:10:02.481+02:00  INFO 17396 --- [           main] o.h.e.t.j.p.i.JtaPlatformInitiator       : HHH000490: Using JtaPlatform implementation: [org.hibernate.engine.transaction.jta.platform.internal.NoJtaPlatform]
2023-09-15T14:10:02.495+02:00  INFO 17396 --- [           main] j.LocalContainerEntityManagerFactoryBean : Initialized JPA EntityManagerFactory for persistence unit 'default'
2023-09-15T14:10:02.644+02:00  WARN 17396 --- [           main] JpaBaseConfiguration$JpaWebConfiguration : spring.jpa.open-in-view is enabled by default. Therefore, database queries may be performed during view rendering. Explicitly configure spring.jpa.open-in-view to disable this warning
2023-09-15T14:10:02.760+02:00  INFO 17396 --- [           main] o.s.b.a.h2.H2ConsoleAutoConfiguration    : H2 console available at '/h2-console'. Database available at 'jdbc:h2:mem:testdb'
2023-09-15T14:10:02.785+02:00  INFO 17396 --- [           main] o.s.b.t.m.w.SpringBootMockServletContext : Initializing Spring TestDispatcherServlet ''
2023-09-15T14:10:02.786+02:00  INFO 17396 --- [           main] o.s.t.web.servlet.TestDispatcherServlet  : Initializing Servlet ''
2023-09-15T14:10:02.788+02:00  INFO 17396 --- [           main] o.s.t.web.servlet.TestDispatcherServlet  : Completed initialization in 1 ms
2023-09-15T14:10:02.800+02:00  INFO 17396 --- [           main] .f.l.c.LectureControllerIntegrationTests : Started LectureControllerIntegrationTests in 0.922 seconds (process running for 17.142)

MockHttpServletRequest:
      HTTP Method = GET
      Request URI = /lectures/1
       Parameters = {}
          Headers = []
             Body = null
    Session Attrs = {}

Handler:
             Type = com.filipszala.lecturemanager.controller.LectureController
           Method = com.filipszala.lecturemanager.controller.LectureController#displayLectureById(Long)

Async:
    Async started = false
     Async result = null

Resolved Exception:
             Type = null

ModelAndView:
        View name = null
             View = null
            Model = null

FlashMap:
       Attributes = null

MockHttpServletResponse:
           Status = 200
    Error message = null
          Headers = [Content-Type:"application/json"]
     Content type = application/json
             Body = {"id":1,"professorWithoutLectureDto":{"id":1,"name":"Test2","surname":"Test2"},"studentWithoutLectureDtos":[{"id":1,"name":"Test","surname":"Test"}],"name":"Filip","place":"lecture hall"}
    Forwarded URL = null
   Redirected URL = null
          Cookies = []
2023-09-15T14:10:02.862+02:00  INFO 17396 --- [           main] j.LocalContainerEntityManagerFactoryBean : Closing JPA EntityManagerFactory for persistence unit 'default'
2023-09-15T14:10:02.865+02:00  INFO 17396 --- [           main] com.zaxxer.hikari.HikariDataSource       : HikariPool-6 - Shutdown initiated...
2023-09-15T14:10:02.866+02:00  INFO 17396 --- [           main] com.zaxxer.hikari.HikariDataSource       : HikariPool-6 - Shutdown completed.
]]></system-out>
  </testcase>
</testsuite>